Watching for file changes with StatReloader
[02/Jan/2026 18:02:32] "GET /register/ HTTP/1.1" 200 5779
[02/Jan/2026 18:02:32] "GET /static/jobs/css/styles.css HTTP/1.1" 200 9822
[02/Jan/2026 18:02:33] "GET /jobs/ HTTP/1.1" 200 6643
[02/Jan/2026 18:02:33] "GET /login/ HTTP/1.1" 200 4689
[02/Jan/2026 18:02:35] "POST /login/ HTTP/1.1" 302 0
[02/Jan/2026 18:02:35] "GET /dashboard/employer/ HTTP/1.1" 200 6335
[02/Jan/2026 18:44:08] "GET /login/ HTTP/1.1" 200 4689
[02/Jan/2026 18:44:08] "GET /static/jobs/css/styles.css HTTP/1.1" 200 10179
[02/Jan/2026 18:44:10] "POST /login/ HTTP/1.1" 302 0
[02/Jan/2026 18:44:10] "GET /dashboard/applicant/ HTTP/1.1" 200 4402
[02/Jan/2026 18:44:11] "GET /jobs/ HTTP/1.1" 200 6679
[02/Jan/2026 18:44:11] "GET /apply/3/ HTTP/1.1" 200 6363
[02/Jan/2026 18:44:11] "POST /apply/3/ HTTP/1.1" 200 6720
[02/Jan/2026 18:45:54] "GET /login/ HTTP/1.1" 200 4689
[02/Jan/2026 18:45:54] "GET /static/jobs/css/styles.css HTTP/1.1" 200 10179
[02/Jan/2026 18:45:56] "POST /login/ HTTP/1.1" 302 0
[02/Jan/2026 18:45:56] "GET /dashboard/applicant/ HTTP/1.1" 200 4402
[02/Jan/2026 18:45:56] "GET /jobs/ HTTP/1.1" 200 6679
[02/Jan/2026 18:45:56] "GET /apply/3/ HTTP/1.1" 200 6363
[02/Jan/2026 18:45:56] "POST /apply/3/ HTTP/1.1" 302 0
[02/Jan/2026 18:45:56] "GET /dashboard/applicant/ HTTP/1.1" 200 5016
[02/Jan/2026 18:45:56] "GET /logout/ HTTP/1.1" 302 0
Internal Server Error: /
Traceback (most recent call last):
  File "/home/jules/.pyenv/versions/3.12.12/lib/python3.12/site-packages/django/core/handlers/exception.py", line 55, in inner
    response = get_response(request)
               ^^^^^^^^^^^^^^^^^^^^^
  File "/home/jules/.pyenv/versions/3.12.12/lib/python3.12/site-packages/django/core/handlers/base.py", line 197, in _get_response
    response = wrapped_callback(request, *callback_args, **callback_kwargs)
               ^^^^^^^^^^^^^^^^^^^^^^^^^^^^^^^^^^^^^^^^^^^^^^^^^^^^^^^^^^^^
  File "/app/jobs/views.py", line 32, in home_view
    return render(
           ^^^^^^^
  File "/home/jules/.pyenv/versions/3.12.12/lib/python3.12/site-packages/django/shortcuts.py", line 25, in render
    content = loader.render_to_string(template_name, context, request, using=using)
              ^^^^^^^^^^^^^^^^^^^^^^^^^^^^^^^^^^^^^^^^^^^^^^^^^^^^^^^^^^^^^^^^^^^^^
  File "/home/jules/.pyenv/versions/3.12.12/lib/python3.12/site-packages/django/template/loader.py", line 62, in render_to_string
    return template.render(context, request)
           ^^^^^^^^^^^^^^^^^^^^^^^^^^^^^^^^^
  File "/home/jules/.pyenv/versions/3.12.12/lib/python3.12/site-packages/django/template/backends/django.py", line 107, in render
    return self.template.render(context)
           ^^^^^^^^^^^^^^^^^^^^^^^^^^^^^
  File "/home/jules/.pyenv/versions/3.12.12/lib/python3.12/site-packages/django/template/base.py", line 172, in render
    return self._render(context)
           ^^^^^^^^^^^^^^^^^^^^^
  File "/home/jules/.pyenv/versions/3.12.12/lib/python3.12/site-packages/django/template/base.py", line 164, in _render
    return self.nodelist.render(context)
           ^^^^^^^^^^^^^^^^^^^^^^^^^^^^^
  File "/home/jules/.pyenv/versions/3.12.12/lib/python3.12/site-packages/django/template/base.py", line 1018, in render
    return SafeString("".join([node.render_annotated(context) for node in self]))
                               ^^^^^^^^^^^^^^^^^^^^^^^^^^^^^^
  File "/home/jules/.pyenv/versions/3.12.12/lib/python3.12/site-packages/django/template/base.py", line 979, in render_annotated
    return self.render(context)
           ^^^^^^^^^^^^^^^^^^^^
  File "/home/jules/.pyenv/versions/3.12.12/lib/python3.12/site-packages/django/template/loader_tags.py", line 159, in render
    return compiled_parent._render(context)
           ^^^^^^^^^^^^^^^^^^^^^^^^^^^^^^^^
  File "/home/jules/.pyenv/versions/3.12.12/lib/python3.12/site-packages/django/template/base.py", line 164, in _render
    return self.nodelist.render(context)
           ^^^^^^^^^^^^^^^^^^^^^^^^^^^^^
  File "/home/jules/.pyenv/versions/3.12.12/lib/python3.12/site-packages/django/template/base.py", line 1018, in render
    return SafeString("".join([node.render_annotated(context) for node in self]))
                               ^^^^^^^^^^^^^^^^^^^^^^^^^^^^^^
  File "/home/jules/.pyenv/versions/3.12.12/lib/python3.12/site-packages/django/template/base.py", line 979, in render_annotated
    return self.render(context)
           ^^^^^^^^^^^^^^^^^^^^
  File "/home/jules/.pyenv/versions/3.12.12/lib/python3.12/site-packages/django/template/loader_tags.py", line 65, in render
    result = block.nodelist.render(context)
             ^^^^^^^^^^^^^^^^^^^^^^^^^^^^^^
  File "/home/jules/.pyenv/versions/3.12.12/lib/python3.12/site-packages/django/template/base.py", line 1018, in render
    return SafeString("".join([node.render_annotated(context) for node in self]))
                               ^^^^^^^^^^^^^^^^^^^^^^^^^^^^^^
  File "/home/jules/.pyenv/versions/3.12.12/lib/python3.12/site-packages/django/template/base.py", line 979, in render_annotated
    return self.render(context)
           ^^^^^^^^^^^^^^^^^^^^
  File "/home/jules/.pyenv/versions/3.12.12/lib/python3.12/site-packages/django/template/defaulttags.py", line 243, in render
    nodelist.append(node.render_annotated(context))
                    ^^^^^^^^^^^^^^^^^^^^^^^^^^^^^^
  File "/home/jules/.pyenv/versions/3.12.12/lib/python3.12/site-packages/django/template/base.py", line 979, in render_annotated
    return self.render(context)
           ^^^^^^^^^^^^^^^^^^^^
  File "/home/jules/.pyenv/versions/3.12.12/lib/python3.12/site-packages/django/template/defaulttags.py", line 480, in render
    url = reverse(view_name, args=args, kwargs=kwargs, current_app=current_app)
          ^^^^^^^^^^^^^^^^^^^^^^^^^^^^^^^^^^^^^^^^^^^^^^^^^^^^^^^^^^^^^^^^^^^^^
  File "/home/jules/.pyenv/versions/3.12.12/lib/python3.12/site-packages/django/urls/base.py", line 98, in reverse
    resolved_url = resolver._reverse_with_prefix(view, prefix, *args, **kwargs)
                   ^^^^^^^^^^^^^^^^^^^^^^^^^^^^^^^^^^^^^^^^^^^^^^^^^^^^^^^^^^^^
  File "/home/jules/.pyenv/versions/3.12.12/lib/python3.12/site-packages/django/urls/resolvers.py", line 831, in _reverse_with_prefix
    raise NoReverseMatch(msg)
django.urls.exceptions.NoReverseMatch: Reverse for 'submit_cv' not found. 'submit_cv' is not a valid view function or pattern name.
[02/Jan/2026 18:45:57] "GET / HTTP/1.1" 500 168381
[02/Jan/2026 18:45:57] "GET /login/ HTTP/1.1" 200 4689
[02/Jan/2026 18:45:59] "POST /login/ HTTP/1.1" 302 0
[02/Jan/2026 18:45:59] "GET /dashboard/employer/ HTTP/1.1" 200 6335
[02/Jan/2026 18:45:59] "GET /dashboard/employer/job/3/applicants/ HTTP/1.1" 200 5099
[02/Jan/2026 18:45:59] "GET /dashboard/employer/applicant/1/update/ HTTP/1.1" 200 4927
